<?xml version="1.0" encoding="UTF-8"?>
<!-- Generated by org.testng.reporters.JUnitReportReporter -->
<testsuite hostname="DESKTOP-EIOB9NI" failures="0" tests="1" name="com.crm.autodesk.product.ModifyProductTest" time="0.009" errors="0" timestamp="2021-12-31T22:11:58 IST" skipped="0">
  <testcase classname="com.crm.autodesk.product.ModifyProductTest" name="modifyProductTest" time="0.009"/>
  <system-out>
Product modifies  </system-out>
</testsuite> <!-- com.crm.autodesk.product.ModifyProductTest -->
