<?xml version="1.0" encoding="UTF-8"?>
<!-- Generated by org.testng.reporters.JUnitReportReporter -->
<testsuite hostname="DESKTOP-EIOB9NI" failures="0" tests="1" name="com.crm.autodesk.contact.ModifyContactTest" time="0.018" errors="0" timestamp="2021-12-31T10:09:17 IST" skipped="0">
  <testcase classname="com.crm.autodesk.contact.ModifyContactTest" name="modifyContactTest" time="0.018"/>
  <system-out>
Contact modifies  </system-out>
</testsuite> <!-- com.crm.autodesk.contact.ModifyContactTest -->
