<?xml version="1.0" encoding="UTF-8"?>
<!-- Generated by org.testng.reporters.JUnitReportReporter -->
<testsuite hostname="DESKTOP-EIOB9NI" failures="0" tests="1" name="com.crm.autodesk.contact.ModifyContactTest" time="0.010" errors="0" timestamp="2021-12-31T13:43:46 IST" skipped="0">
  <testcase classname="com.crm.autodesk.contact.ModifyContactTest" name="modifyContactTest" time="0.010"/>
  <system-out>
Contact modifies  </system-out>
</testsuite> <!-- com.crm.autodesk.contact.ModifyContactTest -->
