<?xml version="1.0" encoding="UTF-8"?>
<!-- Generated by org.testng.reporters.JUnitReportReporter -->
<testsuite hostname="DESKTOP-EIOB9NI" failures="0" tests="1" name="com.crm.autodesk.contact.CreateContactTest" time="0.011" errors="0" timestamp="2021-12-31T13:43:38 IST" skipped="0">
  <testcase classname="com.crm.autodesk.contact.CreateContactTest" name="createContactTest" time="0.011"/>
  <system-out>
Contact created  </system-out>
</testsuite> <!-- com.crm.autodesk.contact.CreateContactTest -->
